<?xml version="1.0" encoding="UTF-8"?>
<!-- Generated by org.testng.reporters.JUnitReportReporter -->
<testsuite hostname="FarhanKhalid" failures="0" tests="1" name="test3.Class3" time="9.194" errors="0" timestamp="2022-12-04T23:28:48 EST" skipped="0">
  <testcase classname="test3.Class3" name="ScreenRecording" time="9.194"/>
  <system-out/>
</testsuite> <!-- test3.Class3 -->
